app/build/intermediates/manifest_merge_blame_file/debug/processDebugMainManifest/manifest-merger-blame-debug-report.txt
1<?xml version="1.0" encoding="utf-8"?>
2<manifest xmlns:android="http://schemas.android.com/apk/res/android"
3    package="com.yahoo.rob31312.prepscan"
4    android:versionCode="1"
5    android:versionName="1.0" >
6
7    <uses-sdk
8        android:minSdkVersion="24"
9        android:targetSdkVersion="34" />
10
11    <uses-permission android:name="android.permission.CAMERA" />
11-->src\main\AndroidManifest.xml:4:5-65
11-->src\main\AndroidManifest.xml:4:22-62
12
13    <uses-feature
13-->src\main\AndroidManifest.xml:5:5-89
14        android:name="android.hardware.camera.any"
14-->src\main\AndroidManifest.xml:5:19-61
15        android:required="false" />
15-->src\main\AndroidManifest.xml:5:62-86
16
17    <!-- Don't require camera, as this requires a rear camera. This allows it to work on the Nexus 7 -->
18    <uses-feature
18-->[com.journeyapps:zxing-android-embedded:4.3.0] AndroidManifest.xml:25:5-27:36
19        android:name="android.hardware.camera"
19-->[com.journeyapps:zxing-android-embedded:4.3.0] AndroidManifest.xml:26:9-47
20        android:required="false" />
20-->[com.journeyapps:zxing-android-embedded:4.3.0] AndroidManifest.xml:27:9-33
21    <uses-feature
21-->[com.journeyapps:zxing-android-embedded:4.3.0] AndroidManifest.xml:28:5-30:36
22        android:name="android.hardware.camera.front"
22-->[com.journeyapps:zxing-android-embedded:4.3.0] AndroidManifest.xml:29:9-53
23        android:required="false" /> <!-- TODO replace above two with next line after Android 4.2 -->
23-->[com.journeyapps:zxing-android-embedded:4.3.0] AndroidManifest.xml:30:9-33
24    <!-- <uses-feature android:name="android.hardware.camera.any"/> -->
25    <uses-feature
25-->[com.journeyapps:zxing-android-embedded:4.3.0] AndroidManifest.xml:33:5-35:36
26        android:name="android.hardware.camera.autofocus"
26-->[com.journeyapps:zxing-android-embedded:4.3.0] AndroidManifest.xml:34:9-57
27        android:required="false" />
27-->[com.journeyapps:zxing-android-embedded:4.3.0] AndroidManifest.xml:35:9-33
28    <uses-feature
28-->[com.journeyapps:zxing-android-embedded:4.3.0] AndroidManifest.xml:36:5-38:36
29        android:name="android.hardware.camera.flash"
29-->[com.journeyapps:zxing-android-embedded:4.3.0] AndroidManifest.xml:37:9-53
30        android:required="false" />
30-->[com.journeyapps:zxing-android-embedded:4.3.0] AndroidManifest.xml:38:9-33
31    <uses-feature
31-->[com.journeyapps:zxing-android-embedded:4.3.0] AndroidManifest.xml:39:5-41:36
32        android:name="android.hardware.screen.landscape"
32-->[com.journeyapps:zxing-android-embedded:4.3.0] AndroidManifest.xml:40:9-57
33        android:required="false" />
33-->[com.journeyapps:zxing-android-embedded:4.3.0] AndroidManifest.xml:41:9-33
34    <uses-feature
34-->[com.journeyapps:zxing-android-embedded:4.3.0] AndroidManifest.xml:42:5-44:36
35        android:name="android.hardware.wifi"
35-->[com.journeyapps:zxing-android-embedded:4.3.0] AndroidManifest.xml:43:9-45
36        android:required="false" />
36-->[com.journeyapps:zxing-android-embedded:4.3.0] AndroidManifest.xml:44:9-33
37
38    <permission
38-->[androidx.core:core:1.9.0] AndroidManifest.xml:22:5-24:47
39        android:name="com.yahoo.rob31312.prepscan.DYNAMIC_RECEIVER_NOT_EXPORTED_PERMISSION"
39-->[androidx.core:core:1.9.0] AndroidManifest.xml:23:9-81
40        android:protectionLevel="signature" />
40-->[androidx.core:core:1.9.0] AndroidManifest.xml:24:9-44
41
42    <uses-permission android:name="com.yahoo.rob31312.prepscan.DYNAMIC_RECEIVER_NOT_EXPORTED_PERMISSION" />
42-->[androidx.core:core:1.9.0] AndroidManifest.xml:26:5-97
42-->[androidx.core:core:1.9.0] AndroidManifest.xml:26:22-94
43
44    <application
44-->src\main\AndroidManifest.xml:7:5-42:19
45        android:allowBackup="true"
45-->src\main\AndroidManifest.xml:8:9-35
46        android:appComponentFactory="androidx.core.app.CoreComponentFactory"
46-->[androidx.core:core:1.9.0] AndroidManifest.xml:28:18-86
47        android:debuggable="true"
48        android:extractNativeLibs="false"
49        android:icon="@mipmap/ic_launcher"
49-->src\main\AndroidManifest.xml:9:9-43
50        android:label="@string/app_name"
50-->src\main\AndroidManifest.xml:10:9-41
51        android:roundIcon="@mipmap/ic_launcher_round"
51-->src\main\AndroidManifest.xml:11:9-54
52        android:supportsRtl="true"
52-->src\main\AndroidManifest.xml:12:9-35
53        android:testOnly="true"
54        android:theme="@style/Theme.PrepScan" >
54-->src\main\AndroidManifest.xml:13:9-46
55        <activity
55-->src\main\AndroidManifest.xml:15:9-83
56            android:name="com.prepscan.ui.InventoryActivity"
56-->src\main\AndroidManifest.xml:15:19-55
57            android:exported="false" />
57-->src\main\AndroidManifest.xml:15:56-80
58        <activity
58-->src\main\AndroidManifest.xml:16:9-84
59            android:name="com.prepscan.ui.PrintLabelActivity"
59-->src\main\AndroidManifest.xml:16:19-56
60            android:exported="false" />
60-->src\main\AndroidManifest.xml:16:57-81
61        <activity
61-->src\main\AndroidManifest.xml:17:9-82
62            android:name="com.prepscan.ui.EditItemActivity"
62-->src\main\AndroidManifest.xml:17:19-54
63            android:exported="false" />
63-->src\main\AndroidManifest.xml:17:55-79
64        <activity
64-->src\main\AndroidManifest.xml:18:9-85
65            android:name="com.prepscan.ui.AddContentsActivity"
65-->src\main\AndroidManifest.xml:18:19-57
66            android:exported="false" />
66-->src\main\AndroidManifest.xml:18:58-82
67        <activity
67-->src\main\AndroidManifest.xml:19:9-93
68            android:name="com.prepscan.ui.ScanSelectContainerActivity"
68-->src\main\AndroidManifest.xml:19:19-65
69            android:exported="false" />
69-->src\main\AndroidManifest.xml:19:66-90
70        <activity
70-->src\main\AndroidManifest.xml:20:9-86
71            android:name="com.prepscan.ui.AddContainerActivity"
71-->src\main\AndroidManifest.xml:20:19-58
72            android:exported="false" />
72-->src\main\AndroidManifest.xml:20:59-83
73        <activity
73-->src\main\AndroidManifest.xml:22:9-27:20
74            android:name="com.prepscan.ui.HomeActivity"
74-->src\main\AndroidManifest.xml:22:19-50
75            android:exported="true" >
75-->src\main\AndroidManifest.xml:22:51-74
76            <intent-filter>
76-->src\main\AndroidManifest.xml:23:13-26:29
77                <action android:name="android.intent.action.MAIN" />
77-->src\main\AndroidManifest.xml:24:17-69
77-->src\main\AndroidManifest.xml:24:25-66
78
79                <category android:name="android.intent.category.LAUNCHER" />
79-->src\main\AndroidManifest.xml:25:17-77
79-->src\main\AndroidManifest.xml:25:27-74
80            </intent-filter>
81        </activity>
82
83        <provider
84            android:name="androidx.core.content.FileProvider"
84-->src\main\AndroidManifest.xml:31:9-58
85            android:authorities="com.yahoo.rob31312.prepscan.fileprovider"
85-->src\main\AndroidManifest.xml:32:9-60
86            android:exported="false"
86-->src\main\AndroidManifest.xml:33:9-33
87            android:grantUriPermissions="true" >
87-->src\main\AndroidManifest.xml:34:9-43
88            <meta-data
88-->src\main\AndroidManifest.xml:35:9-37:50
89                android:name="android.support.FILE_PROVIDER_PATHS"
89-->src\main\AndroidManifest.xml:36:13-63
90                android:resource="@xml/file_paths" />
90-->src\main\AndroidManifest.xml:37:13-47
91        </provider>
92
93        <activity android:name="com.prepscan.ui.SetupPrinterActivity" />
93-->src\main\AndroidManifest.xml:40:9-61
93-->src\main\AndroidManifest.xml:40:19-58
94        <activity
94-->[com.journeyapps:zxing-android-embedded:4.3.0] AndroidManifest.xml:47:9-53:63
95            android:name="com.journeyapps.barcodescanner.CaptureActivity"
95-->[com.journeyapps:zxing-android-embedded:4.3.0] AndroidManifest.xml:48:13-74
96            android:clearTaskOnLaunch="true"
96-->[com.journeyapps:zxing-android-embedded:4.3.0] AndroidManifest.xml:49:13-45
97            android:screenOrientation="sensorLandscape"
97-->[com.journeyapps:zxing-android-embedded:4.3.0] AndroidManifest.xml:50:13-56
98            android:stateNotNeeded="true"
98-->[com.journeyapps:zxing-android-embedded:4.3.0] AndroidManifest.xml:51:13-42
99            android:theme="@style/zxing_CaptureTheme"
99-->[com.journeyapps:zxing-android-embedded:4.3.0] AndroidManifest.xml:52:13-54
100            android:windowSoftInputMode="stateAlwaysHidden" />
100-->[com.journeyapps:zxing-android-embedded:4.3.0] AndroidManifest.xml:53:13-60
101
102        <provider
102-->[androidx.emoji2:emoji2:1.2.0] AndroidManifest.xml:24:9-32:20
103            android:name="androidx.startup.InitializationProvider"
103-->[androidx.emoji2:emoji2:1.2.0] AndroidManifest.xml:25:13-67
104            android:authorities="com.yahoo.rob31312.prepscan.androidx-startup"
104-->[androidx.emoji2:emoji2:1.2.0] AndroidManifest.xml:26:13-68
105            android:exported="false" >
105-->[androidx.emoji2:emoji2:1.2.0] AndroidManifest.xml:27:13-37
106            <meta-data
106-->[androidx.emoji2:emoji2:1.2.0] AndroidManifest.xml:29:13-31:52
107                android:name="androidx.emoji2.text.EmojiCompatInitializer"
107-->[androidx.emoji2:emoji2:1.2.0] AndroidManifest.xml:30:17-75
108                android:value="androidx.startup" />
108-->[androidx.emoji2:emoji2:1.2.0] AndroidManifest.xml:31:17-49
109            <meta-data
109-->[androidx.lifecycle:lifecycle-process:2.6.1] AndroidManifest.xml:29:13-31:52
110                android:name="androidx.lifecycle.ProcessLifecycleInitializer"
110-->[androidx.lifecycle:lifecycle-process:2.6.1] AndroidManifest.xml:30:17-78
111                android:value="androidx.startup" />
111-->[androidx.lifecycle:lifecycle-process:2.6.1] AndroidManifest.xml:31:17-49
112            <meta-data
112-->[androidx.profileinstaller:profileinstaller:1.3.0] AndroidManifest.xml:29:13-31:52
113                android:name="androidx.profileinstaller.ProfileInstallerInitializer"
113-->[androidx.profileinstaller:profileinstaller:1.3.0] AndroidManifest.xml:30:17-85
114                android:value="androidx.startup" />
114-->[androidx.profileinstaller:profileinstaller:1.3.0] AndroidManifest.xml:31:17-49
115        </provider>
116
117        <receiver
117-->[androidx.profileinstaller:profileinstaller:1.3.0] AndroidManifest.xml:34:9-52:20
118            android:name="androidx.profileinstaller.ProfileInstallReceiver"
118-->[androidx.profileinstaller:profileinstaller:1.3.0] AndroidManifest.xml:35:13-76
119            android:directBootAware="false"
119-->[androidx.profileinstaller:profileinstaller:1.3.0] AndroidManifest.xml:36:13-44
120            android:enabled="true"
120-->[androidx.profileinstaller:profileinstaller:1.3.0] AndroidManifest.xml:37:13-35
121            android:exported="true"
121-->[androidx.profileinstaller:profileinstaller:1.3.0] AndroidManifest.xml:38:13-36
122            android:permission="android.permission.DUMP" >
122-->[androidx.profileinstaller:profileinstaller:1.3.0] AndroidManifest.xml:39:13-57
123            <intent-filter>
123-->[androidx.profileinstaller:profileinstaller:1.3.0] AndroidManifest.xml:40:13-42:29
124                <action android:name="androidx.profileinstaller.action.INSTALL_PROFILE" />
124-->[androidx.profileinstaller:profileinstaller:1.3.0] AndroidManifest.xml:41:17-91
124-->[androidx.profileinstaller:profileinstaller:1.3.0] AndroidManifest.xml:41:25-88
125            </intent-filter>
126            <intent-filter>
126-->[androidx.profileinstaller:profileinstaller:1.3.0] AndroidManifest.xml:43:13-45:29
127                <action android:name="androidx.profileinstaller.action.SKIP_FILE" />
127-->[androidx.profileinstaller:profileinstaller:1.3.0] AndroidManifest.xml:44:17-85
127-->[androidx.profileinstaller:profileinstaller:1.3.0] AndroidManifest.xml:44:25-82
128            </intent-filter>
129            <intent-filter>
129-->[androidx.profileinstaller:profileinstaller:1.3.0] AndroidManifest.xml:46:13-48:29
130                <action android:name="androidx.profileinstaller.action.SAVE_PROFILE" />
130-->[androidx.profileinstaller:profileinstaller:1.3.0] AndroidManifest.xml:47:17-88
130-->[androidx.profileinstaller:profileinstaller:1.3.0] AndroidManifest.xml:47:25-85
131            </intent-filter>
132            <intent-filter>
132-->[androidx.profileinstaller:profileinstaller:1.3.0] AndroidManifest.xml:49:13-51:29
133                <action android:name="androidx.profileinstaller.action.BENCHMARK_OPERATION" />
133-->[androidx.profileinstaller:profileinstaller:1.3.0] AndroidManifest.xml:50:17-95
133-->[androidx.profileinstaller:profileinstaller:1.3.0] AndroidManifest.xml:50:25-92
134            </intent-filter>
135        </receiver>
136    </application>
137
138</manifest>